Generated at 2019-05-07 10:23:53 -0400
Chef::Exceptions::EnclosingDirectoryDoesNotExist: file[/tmp/hello.txt] ((chef-apply cookbook)::(chef-apply recipe) line 1) had an error: Chef::Exceptions::EnclosingDirectoryDoesNotExist: Parent directory /tmp does not exist.
C:/opscode/chef-workstation/embedded/lib/ruby/gems/2.5.0/gems/chef-14.10.9-universal-mingw32/lib/chef/mixin/why_run.rb:238:in `run'
C:/opscode/chef-workstation/embedded/lib/ruby/gems/2.5.0/gems/chef-14.10.9-universal-mingw32/lib/chef/mixin/why_run.rb:316:in `block in run'
C:/opscode/chef-workstation/embedded/lib/ruby/gems/2.5.0/gems/chef-14.10.9-universal-mingw32/lib/chef/mixin/why_run.rb:315:in `each'
C:/opscode/chef-workstation/embedded/lib/ruby/gems/2.5.0/gems/chef-14.10.9-universal-mingw32/lib/chef/mixin/why_run.rb:315:in `run'
C:/opscode/chef-workstation/embedded/lib/ruby/gems/2.5.0/gems/chef-14.10.9-universal-mingw32/lib/chef/provider.rb:192:in `process_resource_requirements'
C:/opscode/chef-workstation/embedded/lib/ruby/gems/2.5.0/gems/chef-14.10.9-universal-mingw32/lib/chef/provider.rb:170:in `run_action'
C:/opscode/chef-workstation/embedded/lib/ruby/gems/2.5.0/gems/chef-14.10.9-universal-mingw32/lib/chef/resource.rb:578:in `run_action'
C:/opscode/chef-workstation/embedded/lib/ruby/gems/2.5.0/gems/chef-14.10.9-universal-mingw32/lib/chef/runner.rb:70:in `run_action'
C:/opscode/chef-workstation/embedded/lib/ruby/gems/2.5.0/gems/chef-14.10.9-universal-mingw32/lib/chef/runner.rb:98:in `block (2 levels) in converge'
C:/opscode/chef-workstation/embedded/lib/ruby/gems/2.5.0/gems/chef-14.10.9-universal-mingw32/lib/chef/runner.rb:98:in `each'
C:/opscode/chef-workstation/embedded/lib/ruby/gems/2.5.0/gems/chef-14.10.9-universal-mingw32/lib/chef/runner.rb:98:in `block in converge'
C:/opscode/chef-workstation/embedded/lib/ruby/gems/2.5.0/gems/chef-14.10.9-universal-mingw32/lib/chef/resource_collection/resource_list.rb:94:in `block in execute_each_resource'
C:/opscode/chef-workstation/embedded/lib/ruby/gems/2.5.0/gems/chef-14.10.9-universal-mingw32/lib/chef/resource_collection/stepable_iterator.rb:114:in `call_iterator_block'
C:/opscode/chef-workstation/embedded/lib/ruby/gems/2.5.0/gems/chef-14.10.9-universal-mingw32/lib/chef/resource_collection/stepable_iterator.rb:85:in `step'
C:/opscode/chef-workstation/embedded/lib/ruby/gems/2.5.0/gems/chef-14.10.9-universal-mingw32/lib/chef/resource_collection/stepable_iterator.rb:103:in `iterate'
C:/opscode/chef-workstation/embedded/lib/ruby/gems/2.5.0/gems/chef-14.10.9-universal-mingw32/lib/chef/resource_collection/stepable_iterator.rb:55:in `each_with_index'
C:/opscode/chef-workstation/embedded/lib/ruby/gems/2.5.0/gems/chef-14.10.9-universal-mingw32/lib/chef/resource_collection/resource_list.rb:92:in `execute_each_resource'
C:/opscode/chef-workstation/embedded/lib/ruby/gems/2.5.0/gems/chef-14.10.9-universal-mingw32/lib/chef/runner.rb:97:in `converge'
C:/opscode/chef-workstation/embedded/lib/ruby/gems/2.5.0/gems/chef-14.10.9-universal-mingw32/lib/chef/application/apply.rb:196:in `block in run_chef_recipe'
C:/opscode/chef-workstation/embedded/lib/ruby/gems/2.5.0/gems/chef-14.10.9-universal-mingw32/lib/chef/application/apply.rb:194:in `catch'
C:/opscode/chef-workstation/embedded/lib/ruby/gems/2.5.0/gems/chef-14.10.9-universal-mingw32/lib/chef/application/apply.rb:194:in `run_chef_recipe'
C:/opscode/chef-workstation/embedded/lib/ruby/gems/2.5.0/gems/chef-14.10.9-universal-mingw32/lib/chef/application/apply.rb:206:in `run_application'
C:/opscode/chef-workstation/embedded/lib/ruby/gems/2.5.0/gems/chef-14.10.9-universal-mingw32/lib/chef/application/apply.rb:218:in `run'
C:/opscode/chef-workstation/embedded/lib/ruby/gems/2.5.0/gems/chef-14.10.9-universal-mingw32/bin/chef-apply:24:in `<top (required)>'
C:/opscode/chef-workstation/bin/chef-apply:322:in `load'
C:/opscode/chef-workstation/bin/chef-apply:322:in `<main>'

>>>> Caused by Chef::Exceptions::EnclosingDirectoryDoesNotExist: Parent directory /tmp does not exist.
C:/opscode/chef-workstation/embedded/lib/ruby/gems/2.5.0/gems/chef-14.10.9-universal-mingw32/lib/chef/mixin/why_run.rb:238:in `run'
C:/opscode/chef-workstation/embedded/lib/ruby/gems/2.5.0/gems/chef-14.10.9-universal-mingw32/lib/chef/mixin/why_run.rb:316:in `block in run'
C:/opscode/chef-workstation/embedded/lib/ruby/gems/2.5.0/gems/chef-14.10.9-universal-mingw32/lib/chef/mixin/why_run.rb:315:in `each'
C:/opscode/chef-workstation/embedded/lib/ruby/gems/2.5.0/gems/chef-14.10.9-universal-mingw32/lib/chef/mixin/why_run.rb:315:in `run'
C:/opscode/chef-workstation/embedded/lib/ruby/gems/2.5.0/gems/chef-14.10.9-universal-mingw32/lib/chef/provider.rb:192:in `process_resource_requirements'
C:/opscode/chef-workstation/embedded/lib/ruby/gems/2.5.0/gems/chef-14.10.9-universal-mingw32/lib/chef/provider.rb:170:in `run_action'
C:/opscode/chef-workstation/embedded/lib/ruby/gems/2.5.0/gems/chef-14.10.9-universal-mingw32/lib/chef/resource.rb:578:in `run_action'
C:/opscode/chef-workstation/embedded/lib/ruby/gems/2.5.0/gems/chef-14.10.9-universal-mingw32/lib/chef/runner.rb:70:in `run_action'
C:/opscode/chef-workstation/embedded/lib/ruby/gems/2.5.0/gems/chef-14.10.9-universal-mingw32/lib/chef/runner.rb:98:in `block (2 levels) in converge'
C:/opscode/chef-workstation/embedded/lib/ruby/gems/2.5.0/gems/chef-14.10.9-universal-mingw32/lib/chef/runner.rb:98:in `each'
C:/opscode/chef-workstation/embedded/lib/ruby/gems/2.5.0/gems/chef-14.10.9-universal-mingw32/lib/chef/runner.rb:98:in `block in converge'
C:/opscode/chef-workstation/embedded/lib/ruby/gems/2.5.0/gems/chef-14.10.9-universal-mingw32/lib/chef/resource_collection/resource_list.rb:94:in `block in execute_each_resource'
C:/opscode/chef-workstation/embedded/lib/ruby/gems/2.5.0/gems/chef-14.10.9-universal-mingw32/lib/chef/resource_collection/stepable_iterator.rb:114:in `call_iterator_block'
C:/opscode/chef-workstation/embedded/lib/ruby/gems/2.5.0/gems/chef-14.10.9-universal-mingw32/lib/chef/resource_collection/stepable_iterator.rb:85:in `step'
C:/opscode/chef-workstation/embedded/lib/ruby/gems/2.5.0/gems/chef-14.10.9-universal-mingw32/lib/chef/resource_collection/stepable_iterator.rb:103:in `iterate'
C:/opscode/chef-workstation/embedded/lib/ruby/gems/2.5.0/gems/chef-14.10.9-universal-mingw32/lib/chef/resource_collection/stepable_iterator.rb:55:in `each_with_index'
C:/opscode/chef-workstation/embedded/lib/ruby/gems/2.5.0/gems/chef-14.10.9-universal-mingw32/lib/chef/resource_collection/resource_list.rb:92:in `execute_each_resource'
C:/opscode/chef-workstation/embedded/lib/ruby/gems/2.5.0/gems/chef-14.10.9-universal-mingw32/lib/chef/runner.rb:97:in `converge'
C:/opscode/chef-workstation/embedded/lib/ruby/gems/2.5.0/gems/chef-14.10.9-universal-mingw32/lib/chef/application/apply.rb:196:in `block in run_chef_recipe'
C:/opscode/chef-workstation/embedded/lib/ruby/gems/2.5.0/gems/chef-14.10.9-universal-mingw32/lib/chef/application/apply.rb:194:in `catch'
C:/opscode/chef-workstation/embedded/lib/ruby/gems/2.5.0/gems/chef-14.10.9-universal-mingw32/lib/chef/application/apply.rb:194:in `run_chef_recipe'
C:/opscode/chef-workstation/embedded/lib/ruby/gems/2.5.0/gems/chef-14.10.9-universal-mingw32/lib/chef/application/apply.rb:206:in `run_application'
C:/opscode/chef-workstation/embedded/lib/ruby/gems/2.5.0/gems/chef-14.10.9-universal-mingw32/lib/chef/application/apply.rb:218:in `run'
C:/opscode/chef-workstation/embedded/lib/ruby/gems/2.5.0/gems/chef-14.10.9-universal-mingw32/bin/chef-apply:24:in `<top (required)>'
C:/opscode/chef-workstation/bin/chef-apply:322:in `load'
C:/opscode/chef-workstation/bin/chef-apply:322:in `<main>'